<?xml version="1.0" encoding="UTF-8" ?>
<testsuite tests="11" failures="0" name="dev.mccue.json.JsonTest" time="0.032" errors="0" skipped="0">
  <properties>
    <property name="java.runtime.name" value="OpenJDK Runtime Environment"/>
    <property name="java.vm.version" value="21.0.2+13-58"/>
    <property name="sun.boot.library.path" value="/home/user/jdk-21.0.2/lib"/>
    <property name="maven.multiModuleProjectDirectory" value="/home/user/json"/>
    <property name="java.vm.vendor" value="Oracle Corporation"/>
    <property name="java.vendor.url" value="https://java.oracle.com/"/>
    <property name="guice.disable.misplaced.annotation.check" value="true"/>
    <property name="path.separator" value=":"/>
    <property name="java.vm.name" value="OpenJDK 64-Bit Server VM"/>
    <property name="user.country" value="US"/>
    <property name="sun.java.launcher" value="SUN_STANDARD"/>
    <property name="java.vm.specification.name" value="Java Virtual Machine Specification"/>
    <property name="user.dir" value="/home/user/json"/>
    <property name="java.vm.compressedOopsMode" value="Zero based"/>
    <property name="java.runtime.version" value="21.0.2+13-58"/>
    <property name="os.arch" value="amd64"/>
    <property name="java.io.tmpdir" value="/tmp"/>
    <property name="line.separator" value="
"/>
    <property name="java.vm.specification.vendor" value="Oracle Corporation"/>
    <property name="stderr.encoding" value="UTF-8"/>
    <property name="os.name" value="Linux"/>
    <property name="classworlds.conf" value="/home/user/.m2/wrapper/dists/apache-maven-3.8.6-bin/67568434/apache-maven-3.8.6/bin/m2.conf"/>
    <property name="sun.jnu.encoding" value="UTF-8"/>
    <property name="stdout.encoding" value="UTF-8"/>
    <property name="java.library.path" value="/usr/java/packages/lib:/usr/lib64:/lib64:/lib:/usr/lib"/>
    <property name="maven.conf" value="/home/user/.m2/wrapper/dists/apache-maven-3.8.6-bin/67568434/apache-maven-3.8.6/conf"/>
    <property name="jdk.debug" value="release"/>
    <property name="java.class.version" value="65.0"/>
    <property name="java.specification.name" value="Java Platform API Specification"/>
    <property name="sun.management.compiler" value="HotSpot 64-Bit Tiered Compilers"/>
    <property name="os.version" value="6.1.85+"/>
    <property name="user.home" value="/home/user"/>
    <property name="user.timezone" value="Etc/UTC"/>
    <property name="file.encoding" value="UTF-8"/>
    <property name="java.specification.version" value="21"/>
    <property name="user.name" value="user"/>
    <property name="java.class.path" value="/home/user/json/.mvn/wrapper/maven-wrapper.jar"/>
    <property name="org.slf4j.simpleLogger.defaultLogLevel" value="debug"/>
    <property name="java.vm.specification.version" value="21"/>
    <property name="sun.arch.data.model" value="64"/>
    <property name="sun.java.command" value="org.apache.maven.wrapper.MavenWrapperMain -X clean test jacoco:report jacoco:check"/>
    <property name="java.home" value="/home/user/jdk-21.0.2"/>
    <property name="user.language" value="en"/>
    <property name="java.specification.vendor" value="Oracle Corporation"/>
    <property name="java.vm.info" value="mixed mode, sharing"/>
    <property name="java.version" value="21.0.2"/>
    <property name="native.encoding" value="UTF-8"/>
    <property name="java.vendor" value="Oracle Corporation"/>
    <property name="maven.home" value="/home/user/.m2/wrapper/dists/apache-maven-3.8.6-bin/67568434/apache-maven-3.8.6"/>
    <property name="file.separator" value="/"/>
    <property name="java.version.date" value="2024-01-16"/>
    <property name="java.vendor.url.bug" value="https://bugreport.java.com/bugreport/"/>
    <property name="sun.io.unicode.encoding" value="UnicodeLittle"/>
    <property name="sun.cpu.endian" value="little"/>
  </properties>
  <testcase classname="dev.mccue.json.JsonTest" name="dev.mccue.json.JsonTest.testOfMap" time="0.006"/>
  <testcase classname="dev.mccue.json.JsonTest" name="dev.mccue.json.JsonTest.testNullOfMethods" time="0"/>
  <testcase classname="dev.mccue.json.JsonTest" name="dev.mccue.json.JsonTest.testOfCollection" time="0.004"/>
  <testcase classname="dev.mccue.json.JsonTest" name="dev.mccue.json.JsonTest.testOfCollectionEncodable" time="0.007"/>
  <testcase classname="dev.mccue.json.JsonTest" name="dev.mccue.json.JsonTest.testOfMapEncoder" time="0.003"/>
  <testcase classname="dev.mccue.json.JsonTest" name="dev.mccue.json.JsonTest.testOfEncodable" time="0.002"/>
  <testcase classname="dev.mccue.json.JsonTest" name="dev.mccue.json.JsonTest.testOfNumbers" time="0.004"/>
  <testcase classname="dev.mccue.json.JsonTest" name="dev.mccue.json.JsonTest.testOfString" time="0.006"/>
  <testcase classname="dev.mccue.json.JsonTest" name="dev.mccue.json.JsonTest.testTrueRepr" time="0"/>
  <testcase classname="dev.mccue.json.JsonTest" name="dev.mccue.json.JsonTest.testFalseRepr" time="0"/>
  <testcase classname="dev.mccue.json.JsonTest" name="dev.mccue.json.JsonTest.testNullRepr" time="0"/>
</testsuite>